WORLD_SIZE=4
NODELIST=nid[0655-0656]
MASTER_ADDR=nid0655
no change     /N/slate/haofeng/anaconda3/condabin/conda
no change     /N/slate/haofeng/anaconda3/bin/conda
no change     /N/slate/haofeng/anaconda3/bin/conda-env
no change     /N/slate/haofeng/anaconda3/bin/activate
no change     /N/slate/haofeng/anaconda3/bin/deactivate
no change     /N/slate/haofeng/anaconda3/etc/profile.d/conda.sh
no change     /N/slate/haofeng/anaconda3/etc/fish/conf.d/conda.fish
no change     /N/slate/haofeng/anaconda3/shell/condabin/Conda.psm1
no change     /N/slate/haofeng/anaconda3/shell/condabin/conda-hook.ps1
no change     /N/slate/haofeng/anaconda3/lib/python3.9/site-packages/xontrib/conda.xsh
no change     /N/slate/haofeng/anaconda3/etc/profile.d/conda.csh
no change     /N/u/haofeng/BigRed200/.bashrc
No action taken.
/geode2/home/u030/haofeng/BigRed200/new_dlrm/torchrec_dlrm/dlrm_main.py:493: SyntaxWarning: "is" with a literal. Did you mean "=="?
  if epoch%10 is 0:
/geode2/home/u030/haofeng/BigRed200/new_dlrm/torchrec_dlrm/dlrm_main.py:493: SyntaxWarning: "is" with a literal. Did you mean "=="?
  if epoch%10 is 0:
/geode2/home/u030/haofeng/BigRed200/new_dlrm/torchrec_dlrm/dlrm_main.py:493: SyntaxWarning: "is" with a literal. Did you mean "=="?
  if epoch%10 is 0:
/geode2/home/u030/haofeng/BigRed200/new_dlrm/torchrec_dlrm/dlrm_main.py:493: SyntaxWarning: "is" with a literal. Did you mean "=="?
  if epoch%10 is 0:
slurmstepd: error: Detected 1 oom-kill event(s) in StepId=1399956.0. Some of your processes may have been killed by the cgroup out-of-memory handler.
srun: error: nid0655: task 1: Out Of Memory
srun: launch/slurm: _step_signal: Terminating StepId=1399956.0
slurmstepd: error: *** STEP 1399956.0 ON nid0655 CANCELLED AT 2022-12-31T21:01:21 ***
srun: error: nid0656: task 2: Terminated
srun: error: nid0656: task 3: Terminated
srun: Force Terminated StepId=1399956.0
slurmstepd: error: Detected 1 oom-kill event(s) in StepId=1399956.batch. Some of your processes may have been killed by the cgroup out-of-memory handler.
