WORLD_SIZE=4
NODELIST=nid[0642,0700-0702]
MASTER_ADDR=nid0642
no change     /N/slate/haofeng/anaconda3/condabin/conda
no change     /N/slate/haofeng/anaconda3/bin/conda
no change     /N/slate/haofeng/anaconda3/bin/conda-env
no change     /N/slate/haofeng/anaconda3/bin/activate
no change     /N/slate/haofeng/anaconda3/bin/deactivate
no change     /N/slate/haofeng/anaconda3/etc/profile.d/conda.sh
no change     /N/slate/haofeng/anaconda3/etc/fish/conf.d/conda.fish
no change     /N/slate/haofeng/anaconda3/shell/condabin/Conda.psm1
no change     /N/slate/haofeng/anaconda3/shell/condabin/conda-hook.ps1
no change     /N/slate/haofeng/anaconda3/lib/python3.9/site-packages/xontrib/conda.xsh
no change     /N/slate/haofeng/anaconda3/etc/profile.d/conda.csh
no change     /N/u/haofeng/BigRed200/.bashrc
No action taken.
PARAMS: (lr, batch_size, warmup_steps, decay_start, decay_steps): (15.0, 4096, 0, 0, 0)
Traceback (most recent call last):
  File "/geode2/home/u030/haofeng/BigRed200/new_dlrm/torchrec_dlrm/dlrm_main.py", line 707, in <module>
Traceback (most recent call last):
Traceback (most recent call last):
  File "/geode2/home/u030/haofeng/BigRed200/new_dlrm/torchrec_dlrm/dlrm_main.py", line 707, in <module>
  File "/geode2/home/u030/haofeng/BigRed200/new_dlrm/torchrec_dlrm/dlrm_main.py", line 707, in <module>
Traceback (most recent call last):
    main(sys.argv[1:])
  File "/geode2/home/u030/haofeng/BigRed200/new_dlrm/torchrec_dlrm/dlrm_main.py", line 558, in main
  File "/geode2/home/u030/haofeng/BigRed200/new_dlrm/torchrec_dlrm/dlrm_main.py", line 707, in <module>
Traceback (most recent call last):
  File "/geode2/home/u030/haofeng/BigRed200/new_dlrm/torchrec_dlrm/dlrm_main.py", line 707, in <module>
    main(sys.argv[1:])
Traceback (most recent call last):
  File "/geode2/home/u030/haofeng/BigRed200/new_dlrm/torchrec_dlrm/dlrm_main.py", line 707, in <module>
  File "/geode2/home/u030/haofeng/BigRed200/new_dlrm/torchrec_dlrm/dlrm_main.py", line 558, in main
PARAMS: (lr, batch_size, warmup_steps, decay_start, decay_steps): (15.0, 4096, 0, 0, 0)
    dist.init_process_group(backend=backend)
  File "/N/slate/haofeng/anaconda3/envs/dlrm/lib/python3.10/site-packages/torch/distributed/distributed_c10d.py", line 786, in init_process_group
    main(sys.argv[1:])
  File "/geode2/home/u030/haofeng/BigRed200/new_dlrm/torchrec_dlrm/dlrm_main.py", line 558, in main
    main(sys.argv[1:])
  File "/geode2/home/u030/haofeng/BigRed200/new_dlrm/torchrec_dlrm/dlrm_main.py", line 558, in main
    main(sys.argv[1:])
  File "/geode2/home/u030/haofeng/BigRed200/new_dlrm/torchrec_dlrm/dlrm_main.py", line 558, in main
    main(sys.argv[1:])
  File "/geode2/home/u030/haofeng/BigRed200/new_dlrm/torchrec_dlrm/dlrm_main.py", line 558, in main
    dist.init_process_group(backend=backend)
  File "/N/slate/haofeng/anaconda3/envs/dlrm/lib/python3.10/site-packages/torch/distributed/distributed_c10d.py", line 786, in init_process_group
    dist.init_process_group(backend=backend)
  File "/N/slate/haofeng/anaconda3/envs/dlrm/lib/python3.10/site-packages/torch/distributed/distributed_c10d.py", line 786, in init_process_group
    dist.init_process_group(backend=backend)
  File "/N/slate/haofeng/anaconda3/envs/dlrm/lib/python3.10/site-packages/torch/distributed/distributed_c10d.py", line 786, in init_process_group
    dist.init_process_group(backend=backend)
  File "/N/slate/haofeng/anaconda3/envs/dlrm/lib/python3.10/site-packages/torch/distributed/distributed_c10d.py", line 786, in init_process_group
    dist.init_process_group(backend=backend)
  File "/N/slate/haofeng/anaconda3/envs/dlrm/lib/python3.10/site-packages/torch/distributed/distributed_c10d.py", line 786, in init_process_group
Traceback (most recent call last):
  File "/geode2/home/u030/haofeng/BigRed200/new_dlrm/torchrec_dlrm/dlrm_main.py", line 707, in <module>
    main(sys.argv[1:])
  File "/geode2/home/u030/haofeng/BigRed200/new_dlrm/torchrec_dlrm/dlrm_main.py", line 558, in main
Traceback (most recent call last):
  File "/geode2/home/u030/haofeng/BigRed200/new_dlrm/torchrec_dlrm/dlrm_main.py", line 707, in <module>
    dist.init_process_group(backend=backend)
  File "/N/slate/haofeng/anaconda3/envs/dlrm/lib/python3.10/site-packages/torch/distributed/distributed_c10d.py", line 786, in init_process_group
    main(sys.argv[1:])
  File "/geode2/home/u030/haofeng/BigRed200/new_dlrm/torchrec_dlrm/dlrm_main.py", line 558, in main
    dist.init_process_group(backend=backend)
  File "/N/slate/haofeng/anaconda3/envs/dlrm/lib/python3.10/site-packages/torch/distributed/distributed_c10d.py", line 786, in init_process_group
PARAMS: (lr, batch_size, warmup_steps, decay_start, decay_steps): (15.0, 4096, 0, 0, 0)
Traceback (most recent call last):
  File "/geode2/home/u030/haofeng/BigRed200/new_dlrm/torchrec_dlrm/dlrm_main.py", line 707, in <module>
Traceback (most recent call last):
  File "/geode2/home/u030/haofeng/BigRed200/new_dlrm/torchrec_dlrm/dlrm_main.py", line 707, in <module>
    main(sys.argv[1:])
  File "/geode2/home/u030/haofeng/BigRed200/new_dlrm/torchrec_dlrm/dlrm_main.py", line 558, in main
    main(sys.argv[1:])
  File "/geode2/home/u030/haofeng/BigRed200/new_dlrm/torchrec_dlrm/dlrm_main.py", line 558, in main
    dist.init_process_group(backend=backend)
  File "/N/slate/haofeng/anaconda3/envs/dlrm/lib/python3.10/site-packages/torch/distributed/distributed_c10d.py", line 786, in init_process_group
    dist.init_process_group(backend=backend)
  File "/N/slate/haofeng/anaconda3/envs/dlrm/lib/python3.10/site-packages/torch/distributed/distributed_c10d.py", line 786, in init_process_group
Traceback (most recent call last):
  File "/geode2/home/u030/haofeng/BigRed200/new_dlrm/torchrec_dlrm/dlrm_main.py", line 707, in <module>
Traceback (most recent call last):
  File "/geode2/home/u030/haofeng/BigRed200/new_dlrm/torchrec_dlrm/dlrm_main.py", line 707, in <module>
    main(sys.argv[1:])
  File "/geode2/home/u030/haofeng/BigRed200/new_dlrm/torchrec_dlrm/dlrm_main.py", line 558, in main
    dist.init_process_group(backend=backend)
  File "/N/slate/haofeng/anaconda3/envs/dlrm/lib/python3.10/site-packages/torch/distributed/distributed_c10d.py", line 786, in init_process_group
    main(sys.argv[1:])
  File "/geode2/home/u030/haofeng/BigRed200/new_dlrm/torchrec_dlrm/dlrm_main.py", line 558, in main
Traceback (most recent call last):
  File "/geode2/home/u030/haofeng/BigRed200/new_dlrm/torchrec_dlrm/dlrm_main.py", line 707, in <module>
    dist.init_process_group(backend=backend)
  File "/N/slate/haofeng/anaconda3/envs/dlrm/lib/python3.10/site-packages/torch/distributed/distributed_c10d.py", line 786, in init_process_group
Traceback (most recent call last):
  File "/geode2/home/u030/haofeng/BigRed200/new_dlrm/torchrec_dlrm/dlrm_main.py", line 707, in <module>
    main(sys.argv[1:])
  File "/geode2/home/u030/haofeng/BigRed200/new_dlrm/torchrec_dlrm/dlrm_main.py", line 558, in main
    main(sys.argv[1:])
  File "/geode2/home/u030/haofeng/BigRed200/new_dlrm/torchrec_dlrm/dlrm_main.py", line 558, in main
    dist.init_process_group(backend=backend)
  File "/N/slate/haofeng/anaconda3/envs/dlrm/lib/python3.10/site-packages/torch/distributed/distributed_c10d.py", line 786, in init_process_group
PARAMS: (lr, batch_size, warmup_steps, decay_start, decay_steps): (15.0, 4096, 0, 0, 0)
    dist.init_process_group(backend=backend)
  File "/N/slate/haofeng/anaconda3/envs/dlrm/lib/python3.10/site-packages/torch/distributed/distributed_c10d.py", line 786, in init_process_group
    _store_based_barrier(rank, store, timeout)
  File "/N/slate/haofeng/anaconda3/envs/dlrm/lib/python3.10/site-packages/torch/distributed/distributed_c10d.py", line 346, in _store_based_barrier
Traceback (most recent call last):
  File "/geode2/home/u030/haofeng/BigRed200/new_dlrm/torchrec_dlrm/dlrm_main.py", line 707, in <module>
    _store_based_barrier(rank, store, timeout)
  File "/N/slate/haofeng/anaconda3/envs/dlrm/lib/python3.10/site-packages/torch/distributed/distributed_c10d.py", line 346, in _store_based_barrier
    _store_based_barrier(rank, store, timeout)
  File "/N/slate/haofeng/anaconda3/envs/dlrm/lib/python3.10/site-packages/torch/distributed/distributed_c10d.py", line 346, in _store_based_barrier
Traceback (most recent call last):
  File "/geode2/home/u030/haofeng/BigRed200/new_dlrm/torchrec_dlrm/dlrm_main.py", line 707, in <module>
    _store_based_barrier(rank, store, timeout)
  File "/N/slate/haofeng/anaconda3/envs/dlrm/lib/python3.10/site-packages/torch/distributed/distributed_c10d.py", line 346, in _store_based_barrier
    _store_based_barrier(rank, store, timeout)
  File "/N/slate/haofeng/anaconda3/envs/dlrm/lib/python3.10/site-packages/torch/distributed/distributed_c10d.py", line 346, in _store_based_barrier
    _store_based_barrier(rank, store, timeout)
  File "/N/slate/haofeng/anaconda3/envs/dlrm/lib/python3.10/site-packages/torch/distributed/distributed_c10d.py", line 346, in _store_based_barrier
    main(sys.argv[1:])
  File "/geode2/home/u030/haofeng/BigRed200/new_dlrm/torchrec_dlrm/dlrm_main.py", line 558, in main
    _store_based_barrier(rank, store, timeout)
  File "/N/slate/haofeng/anaconda3/envs/dlrm/lib/python3.10/site-packages/torch/distributed/distributed_c10d.py", line 346, in _store_based_barrier
    _store_based_barrier(rank, store, timeout)
  File "/N/slate/haofeng/anaconda3/envs/dlrm/lib/python3.10/site-packages/torch/distributed/distributed_c10d.py", line 346, in _store_based_barrier
    _store_based_barrier(rank, store, timeout)
  File "/N/slate/haofeng/anaconda3/envs/dlrm/lib/python3.10/site-packages/torch/distributed/distributed_c10d.py", line 346, in _store_based_barrier
    main(sys.argv[1:])
  File "/geode2/home/u030/haofeng/BigRed200/new_dlrm/torchrec_dlrm/dlrm_main.py", line 558, in main
    _store_based_barrier(rank, store, timeout)
  File "/N/slate/haofeng/anaconda3/envs/dlrm/lib/python3.10/site-packages/torch/distributed/distributed_c10d.py", line 346, in _store_based_barrier
    _store_based_barrier(rank, store, timeout)
  File "/N/slate/haofeng/anaconda3/envs/dlrm/lib/python3.10/site-packages/torch/distributed/distributed_c10d.py", line 346, in _store_based_barrier
    raise RuntimeError(
RuntimeError: Timed out initializing process group in store based barrier on rank: 14, for key: store_based_barrier_key:1 (world_size=4, worker_count=16, timeout=0:30:00)
    dist.init_process_group(backend=backend)
  File "/N/slate/haofeng/anaconda3/envs/dlrm/lib/python3.10/site-packages/torch/distributed/distributed_c10d.py", line 786, in init_process_group
    _store_based_barrier(rank, store, timeout)
  File "/N/slate/haofeng/anaconda3/envs/dlrm/lib/python3.10/site-packages/torch/distributed/distributed_c10d.py", line 346, in _store_based_barrier
    raise RuntimeError(
RuntimeError: Timed out initializing process group in store based barrier on rank: 12, for key: store_based_barrier_key:1 (world_size=4, worker_count=16, timeout=0:30:00)
    dist.init_process_group(backend=backend)
  File "/N/slate/haofeng/anaconda3/envs/dlrm/lib/python3.10/site-packages/torch/distributed/distributed_c10d.py", line 786, in init_process_group
    raise RuntimeError(
RuntimeError: Timed out initializing process group in store based barrier on rank: 4, for key: store_based_barrier_key:1 (world_size=4, worker_count=16, timeout=0:30:00)
    raise RuntimeError(
    raise RuntimeError(
RuntimeError: Timed out initializing process group in store based barrier on rank: 13, for key: store_based_barrier_key:1 (world_size=4, worker_count=16, timeout=0:30:00)
    _store_based_barrier(rank, store, timeout)
    raise RuntimeError(
RuntimeError: Timed out initializing process group in store based barrier on rank: 5, for key: store_based_barrier_key:1 (world_size=4, worker_count=16, timeout=0:30:00)
    raise RuntimeError(
RuntimeError: Timed out initializing process group in store based barrier on rank: 2, for key: store_based_barrier_key:1 (world_size=4, worker_count=16, timeout=0:30:00)
    _store_based_barrier(rank, store, timeout)
  File "/N/slate/haofeng/anaconda3/envs/dlrm/lib/python3.10/site-packages/torch/distributed/distributed_c10d.py", line 346, in _store_based_barrier
RuntimeError: Timed out initializing process group in store based barrier on rank: 0, for key: store_based_barrier_key:1 (world_size=4, worker_count=16, timeout=0:30:00)
    raise RuntimeError(
    _store_based_barrier(rank, store, timeout)
  File "/N/slate/haofeng/anaconda3/envs/dlrm/lib/python3.10/site-packages/torch/distributed/distributed_c10d.py", line 346, in _store_based_barrier
    raise RuntimeError(
RuntimeError: Timed out initializing process group in store based barrier on rank: 6, for key: store_based_barrier_key:1 (world_size=4, worker_count=16, timeout=0:30:00)
    raise RuntimeError(
RuntimeError: Timed out initializing process group in store based barrier on rank: 3, for key: store_based_barrier_key:1 (world_size=4, worker_count=16, timeout=0:30:00)
RuntimeError: Timed out initializing process group in store based barrier on rank: 15, for key: store_based_barrier_key:1 (world_size=4, worker_count=16, timeout=0:30:00)
  File "/N/slate/haofeng/anaconda3/envs/dlrm/lib/python3.10/site-packages/torch/distributed/distributed_c10d.py", line 346, in _store_based_barrier
    raise RuntimeError(
RuntimeError: Timed out initializing process group in store based barrier on rank: 1, for key: store_based_barrier_key:1 (world_size=4, worker_count=16, timeout=0:30:00)
    _store_based_barrier(rank, store, timeout)
  File "/N/slate/haofeng/anaconda3/envs/dlrm/lib/python3.10/site-packages/torch/distributed/distributed_c10d.py", line 346, in _store_based_barrier
    raise RuntimeError(
RuntimeError: Timed out initializing process group in store based barrier on rank: 7, for key: store_based_barrier_key:1 (world_size=4, worker_count=16, timeout=0:30:00)
    raise RuntimeError(
RuntimeError: Timed out initializing process group in store based barrier on rank: 9, for key: store_based_barrier_key:1 (world_size=4, worker_count=16, timeout=0:30:00)
    raise RuntimeError(
    raise RuntimeError(
RuntimeError: Timed out initializing process group in store based barrier on rank: 10, for key: store_based_barrier_key:1 (world_size=4, worker_count=16, timeout=0:30:00)
RuntimeError: Timed out initializing process group in store based barrier on rank: 8, for key: store_based_barrier_key:1 (world_size=4, worker_count=16, timeout=0:30:00)
    raise RuntimeError(
RuntimeError: Timed out initializing process group in store based barrier on rank: 11, for key: store_based_barrier_key:1 (world_size=4, worker_count=16, timeout=0:30:00)
srun: error: nid0701: task 11: Exited with exit code 1
srun: launch/slurm: _step_signal: Terminating StepId=1404608.0
srun: error: nid0702: task 15: Exited with exit code 1
slurmstepd: error: *** STEP 1404608.0 ON nid0642 CANCELLED AT 2023-01-01T00:14:13 ***
srun: error: nid0642: task 2: Exited with exit code 1
srun: error: nid0700: task 5: Exited with exit code 1
srun: error: nid0702: tasks 12,14: Exited with exit code 1
srun: error: nid0642: tasks 0,3: Exited with exit code 1
srun: error: nid0701: tasks 9-10: Exited with exit code 1
srun: error: nid0700: tasks 6-7: Exited with exit code 1
srun: error: nid0702: task 13: Exited with exit code 1
srun: error: nid0642: task 1: Exited with exit code 1
srun: error: nid0701: task 8: Exited with exit code 1
srun: error: nid0700: task 4: Exited with exit code 1
